Start testing: May 08 10:31 UTC
----------------------------------------------------------
1/5 Testing: bubblesort
1/5 Test: bubblesort
Command: "/home/pcsdocker/Data/esercitazioni-PCS/esercitazione_5/build5_debug/test_bubblesort"
Directory: /home/pcsdocker/Data/esercitazioni-PCS/esercitazione_5/build5_debug
"bubblesort" start time: May 08 10:31 UTC
Output:
----------------------------------------------------------
<end of output>
Test time =  53.05 sec
----------------------------------------------------------
Test Passed.
"bubblesort" end time: May 08 10:32 UTC
"bubblesort" time elapsed: 00:00:53
----------------------------------------------------------

2/5 Testing: insertionsort
2/5 Test: insertionsort
Command: "/home/pcsdocker/Data/esercitazioni-PCS/esercitazione_5/build5_debug/test_insertionsort"
Directory: /home/pcsdocker/Data/esercitazioni-PCS/esercitazione_5/build5_debug
"insertionsort" start time: May 08 10:32 UTC
Output:
----------------------------------------------------------
<end of output>
Test time =  11.26 sec
----------------------------------------------------------
Test Passed.
"insertionsort" end time: May 08 10:32 UTC
"insertionsort" time elapsed: 00:00:11
----------------------------------------------------------

3/5 Testing: selectionsort
3/5 Test: selectionsort
Command: "/home/pcsdocker/Data/esercitazioni-PCS/esercitazione_5/build5_debug/test_selectionsort"
Directory: /home/pcsdocker/Data/esercitazioni-PCS/esercitazione_5/build5_debug
"selectionsort" start time: May 08 10:32 UTC
Output:
----------------------------------------------------------
<end of output>
Test time =  21.23 sec
----------------------------------------------------------
Test Passed.
"selectionsort" end time: May 08 10:32 UTC
"selectionsort" time elapsed: 00:00:21
----------------------------------------------------------

4/5 Testing: mergesort
4/5 Test: mergesort
Command: "/home/pcsdocker/Data/esercitazioni-PCS/esercitazione_5/build5_debug/test_mergesort"
Directory: /home/pcsdocker/Data/esercitazioni-PCS/esercitazione_5/build5_debug
"mergesort" start time: May 08 10:32 UTC
Output:
----------------------------------------------------------
<end of output>
Test time =   0.63 sec
----------------------------------------------------------
Test Passed.
"mergesort" end time: May 08 10:32 UTC
"mergesort" time elapsed: 00:00:00
----------------------------------------------------------

5/5 Testing: quicksort
5/5 Test: quicksort
Command: "/home/pcsdocker/Data/esercitazioni-PCS/esercitazione_5/build5_debug/test_quicksort"
Directory: /home/pcsdocker/Data/esercitazioni-PCS/esercitazione_5/build5_debug
"quicksort" start time: May 08 10:32 UTC
Output:
----------------------------------------------------------
<end of output>
Test time =   0.27 sec
----------------------------------------------------------
Test Passed.
"quicksort" end time: May 08 10:32 UTC
"quicksort" time elapsed: 00:00:00
----------------------------------------------------------

End testing: May 08 10:32 UTC
