Start testing: May 08 10:16 UTC
----------------------------------------------------------
1/5 Testing: bubblesort
1/5 Test: bubblesort
Command: "/home/pcsdocker/Data/esercitazioni-PCS/esercitazione_5/build5/test_bubblesort"
Directory: /home/pcsdocker/Data/esercitazioni-PCS/esercitazione_5/build5
"bubblesort" start time: May 08 10:16 UTC
Output:
----------------------------------------------------------
<end of output>
Test time =  31.77 sec
----------------------------------------------------------
Test Passed.
"bubblesort" end time: May 08 10:16 UTC
"bubblesort" time elapsed: 00:00:31
----------------------------------------------------------

2/5 Testing: insertionsort
2/5 Test: insertionsort
Command: "/home/pcsdocker/Data/esercitazioni-PCS/esercitazione_5/build5/test_insertionsort"
Directory: /home/pcsdocker/Data/esercitazioni-PCS/esercitazione_5/build5
"insertionsort" start time: May 08 10:16 UTC
Output:
----------------------------------------------------------
<end of output>
Test time =   6.99 sec
----------------------------------------------------------
Test Passed.
"insertionsort" end time: May 08 10:17 UTC
"insertionsort" time elapsed: 00:00:06
----------------------------------------------------------

3/5 Testing: selectionsort
3/5 Test: selectionsort
Command: "/home/pcsdocker/Data/esercitazioni-PCS/esercitazione_5/build5/test_selectionsort"
Directory: /home/pcsdocker/Data/esercitazioni-PCS/esercitazione_5/build5
"selectionsort" start time: May 08 10:17 UTC
Output:
----------------------------------------------------------
<end of output>
Test time =  12.56 sec
----------------------------------------------------------
Test Passed.
"selectionsort" end time: May 08 10:17 UTC
"selectionsort" time elapsed: 00:00:12
----------------------------------------------------------

4/5 Testing: mergesort
4/5 Test: mergesort
Command: "/home/pcsdocker/Data/esercitazioni-PCS/esercitazione_5/build5/test_mergesort"
Directory: /home/pcsdocker/Data/esercitazioni-PCS/esercitazione_5/build5
"mergesort" start time: May 08 10:17 UTC
Output:
----------------------------------------------------------
<end of output>
Test time =   0.48 sec
----------------------------------------------------------
Test Passed.
"mergesort" end time: May 08 10:17 UTC
"mergesort" time elapsed: 00:00:00
----------------------------------------------------------

5/5 Testing: quicksort
5/5 Test: quicksort
Command: "/home/pcsdocker/Data/esercitazioni-PCS/esercitazione_5/build5/test_quicksort"
Directory: /home/pcsdocker/Data/esercitazioni-PCS/esercitazione_5/build5
"quicksort" start time: May 08 10:17 UTC
Output:
----------------------------------------------------------
<end of output>
Test time =   0.16 sec
----------------------------------------------------------
Test Passed.
"quicksort" end time: May 08 10:17 UTC
"quicksort" time elapsed: 00:00:00
----------------------------------------------------------

End testing: May 08 10:17 UTC
